<?xml version="1.0" encoding="UTF-8"?>
<testng-results skipped="0" failed="2" ignored="0" total="5" passed="3">
  <reporter-output>
    <line>
      <![CDATA[There are items displayed]]>
    </line>
    <line>
      <![CDATA[The Da Vinci Code: (Robert Langdon Book 2)]]>
    </line>
    <line>
      <![CDATA[The Da Vinci Code (Abridged Edition)]]>
    </line>
    <line>
      <![CDATA[Davinci Code]]>
    </line>
    <line>
      <![CDATA[The Da Vinci Code]]>
    </line>
    <line>
      <![CDATA[DA VINCI CODE]]>
    </line>
    <line>
      <![CDATA[THE DA VINCI CODE : A QUEST FOR ANSWERS (Hindi) हिंदी]]>
    </line>
    <line>
      <![CDATA[Robert Langdon Series Collection 7 Books Set By Dan Brown (Angels And Demons, The Da Vinci Code, The Lost Symbol, Inferno, Origin, Digital Fortress, Deception Point)]]>
    </line>
    <line>
      <![CDATA[Angels and Demons: (Robert Langdon Book 1)]]>
    </line>
    <line>
      <![CDATA[Battle for Power]]>
    </line>
    <line>
      <![CDATA[Terror on the Divine]]>
    </line>
    <line>
      <![CDATA[The Da Vinci Code]]>
    </line>
    <line>
      <![CDATA[The Da Vinci Code]]>
    </line>
    <line>
      <![CDATA[Da Vinci: El Codigo Secreto / the Secret Code]]>
    </line>
    <line>
      <![CDATA[The da Vinci code]]>
    </line>
    <line>
      <![CDATA[The Da Vinci Code]]>
    </line>
    <line>
      <![CDATA[Angels and Demons + The Da Vinci Code + The Lost Symbol(Set of 3 Books)]]>
    </line>
    <line>
      <![CDATA[Da vinci Code]]>
    </line>
    <line>
      <![CDATA[The Robert Langdon Collection by Dan Brown: Inferno/The Lost Symbol/The Da Vinci Code/Angels & Demons]]>
    </line>
    <line>
      <![CDATA[The Complete Novels of Sherlock Holmes]]>
    </line>
    <line>
      <![CDATA[The Last Nazi: a WW2 spy conspiracy thriller (A Joe Johnson Thriller, Book 1)]]>
    </line>
    <line>
      <![CDATA[Strangers to the Known: Karma finds its way]]>
    </line>
    <line>
      <![CDATA[The Ghost Mystery at Showmoon Mansion: Shaishav-7]]>
    </line>
    <line>
      <![CDATA[There are no items displayed]]>
    </line>
    <line>
      <![CDATA[There are items displayed]]>
    </line>
    <line>
      <![CDATA[OnePlus 8T 5G (Lunar Silver, 8GB RAM, 128GB Storage)]]>
    </line>
    <line>
      <![CDATA[LG Wing (Illusion Sky, 128 GB) (8 GB RAM)- Versatile Multi-Screen, Charger Included]]>
    </line>
    <line>
      <![CDATA[Panasonic Eluga i7 (2GB RAM, 16GB Storage, Finger Print Sensor, 4000mAh Battery) (Black)]]>
    </line>
    <line>
      <![CDATA[Nokia 105 Single SIM (Black)]]>
    </line>
    <line>
      <![CDATA[Samsung Galaxy M02s (Blue,4GB RAM, 64GB Storage) | 5000 mAh | Triple Camera]]>
    </line>
    <line>
      <![CDATA[Redmi 9 (Sky Blue, 4GB RAM, 64GB Storage)]]>
    </line>
    <line>
      <![CDATA[Nokia 225 4G Dual SIM Feature Phone with Long Battery Life, Camera, Multiplayer Games, and Premium Finish – Black Colour]]>
    </line>
    <line>
      <![CDATA[Redmi 8A Dual (Sea Blue, 3GB RAM, 32GB Storage) – Dual Cameras & 5,000 mAH Battery]]>
    </line>
    <line>
      <![CDATA[Samsung Galaxy M01 Core (Red, 2GB RAM, 32GB Storage) with No Cost EMI/Additional Exchange Offers]]>
    </line>
    <line>
      <![CDATA[Samsung Galaxy M01 Core (Blue, 1GB RAM, 16GB Storage) with No Cost EMI/Additional Exchange Offers]]>
    </line>
    <line>
      <![CDATA[Samsung Galaxy M01 (Blue, 3GB RAM, 32GB Storage) with No Cost EMI/Additional Exchange Offers]]>
    </line>
    <line>
      <![CDATA[Samsung Galaxy M21 (Midnight Blue, 4GB RAM, 64GB Storage)]]>
    </line>
    <line>
      <![CDATA[Oppo A31 (Fantasy White, 6GB RAM, 128GB Storage) with No Cost EMI/Additional Exchange Offers]]>
    </line>
    <line>
      <![CDATA[Redmi Note 9 Pro (Interstellar Black, 4GB RAM, 64GB Storage)- Latest 8nm Snapdragon 720G & Alexa Hands-Free | Upto 6 Months No Cost EMI]]>
    </line>
    <line>
      <![CDATA[itel A48 (Gradation Green, 2GB RAM, 32GB Storage)]]>
    </line>
    <line>
      <![CDATA[TRIO T8 Boss Feature Mobile Phone with, Dual SIM Card, Powerful Battery, Stereo Sound, Bright LED Torch, Call Recorder | Palm Friendly Grip with 2.4" QVGA TFT Screen, (Champagne Gold)…]]>
    </line>
    <line>
      <![CDATA[OrderIQ Mobile Phone 3D Screen Magnifier 3D Video Screen Amplifier Eyes Protection Enlarged Expander Support for All Smartphones]]>
    </line>
    <line>
      <![CDATA[ELV Desktop Cell Phone Stand Tablet Stand, Aluminum Stand Holder for Mobile Phone (All Size) and Tablet (Up to 10.1 inch) - Black]]>
    </line>
    <line>
      <![CDATA[XENTEK (Festival Sale :Deal of The Day) Mobile Phone 3D Screen Magnifier Watch Enlarged Video Cartoon ETC with Eyes Protection *Limited TIME Deal*]]>
    </line>
    <line>
      <![CDATA[STRIFF Multi Angle Mobile Stand. Phone Holder for iPhone, Android, Samsung, OnePlus, Xiaomi. Portable,Foldable Cell Phone Stand.Perfect for Bed,Office, Home,Gift and Desktop (Black)]]>
    </line>
    <line>
      <![CDATA[HUMBLE Universal 360 Degree Adjustable Mobile Phone Holder for Bicycle | Bike | Motorcycle | Ideal for Maps | Navigation | Charging - Black]]>
    </line>
    <line>
      <![CDATA[Portronics CLAMP X POR-1101 Car-Vent Mobile Holder with Adjustable Side Arm for Smartphones (Z-Black)]]>
    </line>
    <line>
      <![CDATA[ELV Car Mount Adjustable Car Phone Holder Universal Long Arm, Windshield for Smartphones - Black]]>
    </line>
    <line>
      <![CDATA[I KALL K320 4G Dual Sim Smart Phone (Purple, 4GB RAM, 64GB Storage, 6.53 Inch)]]>
    </line>
    <line>
      <![CDATA[CEUTA® All Android and iOS Mobile Phones Universal Waterproof Hand Fitness Armband Pouch/Arm Belt/Case for Running Hiking Jogging Sports and Gym Activities, Up to 6 inch - Multi Color]]>
    </line>
    <line>
      <![CDATA[Tygot Adjustable Aluminium Alloy Tripod Stand Holder for Mobile Phones & Camera, 360 mm -1050 mm, 1/4 inch Screw + Mobile Holder Bracket]]>
    </line>
    <line>
      <![CDATA[Case Plus Adjustable Aluminium Alloy Tripod Stand Holder for Mobile Phones & Camera, 360 mm -1050 mm, 1/4 inch Screw + Mobile Holder Bracket (Aluminium Alloy Tripod Stand)]]>
    </line>
    <line>
      <![CDATA[ELV Aluminum Adjustable Mobile Phone Foldable Holder Stand Dock Mount for All Smartphones, Tabs, Kindle, iPad (Black)]]>
    </line>
    <line>
      <![CDATA[Title is correct]]>
    </line>
    <line>
      <![CDATA[It is not as expeted]]>
    </line>
  </reporter-output>
  <suite name="Automation Testing" duration-ms="221229" started-at="2021-01-31T17:12:54 IST" finished-at="2021-01-31T17:16:35 IST">
    <groups>
    </groups>
    <test name="Amazon Functional testing" duration-ms="221229" started-at="2021-01-31T17:12:54 IST" finished-at="2021-01-31T17:16:35 IST">
      <class name="com.qa.testsScripts.TC_AmazonSearchItemDDT_003">
        <test-method status="PASS" signature="setUp(java.lang.String)[pri:0, instance:com.qa.testsScripts.TC_AmazonSearchItemDDT_003@3fd7a715]" name="setUp" is-config="true" duration-ms="34591" started-at="2021-01-31T17:12:54 IST" finished-at="2021-01-31T17:13:29 IST">
          <params>
            <param index="0">
              <value>
                <![CDATA[chrome]]>
              </value>
            </param>
          </params>
          <reporter-output>
          </reporter-output>
        </test-method> <!-- setUp -->
        <test-method status="PASS" signature="loadPages()[pri:0, instance:com.qa.testsScripts.TC_AmazonSearchItemDDT_003@3fd7a715]" name="loadPages" is-config="true" duration-ms="869" started-at="2021-01-31T17:13:45 IST" finished-at="2021-01-31T17:13:46 IST">
          <reporter-output>
          </reporter-output>
        </test-method> <!-- loadPages -->
        <test-method status="PASS" signature="searchItemDDT(java.lang.String, java.lang.String)[pri:0, instance:com.qa.testsScripts.TC_AmazonSearchItemDDT_003@3fd7a715]" name="searchItemDDT" duration-ms="20830" started-at="2021-01-31T17:13:46 IST" data-provider="DataSource" finished-at="2021-01-31T17:14:07 IST">
          <params>
            <param index="0">
              <value>
                <![CDATA[Books]]>
              </value>
            </param>
            <param index="1">
              <value>
                <![CDATA[Da vinci code]]>
              </value>
            </param>
          </params>
          <reporter-output>
            <line>
              <![CDATA[There are items displayed]]>
            </line>
            <line>
              <![CDATA[The Da Vinci Code: (Robert Langdon Book 2)]]>
            </line>
            <line>
              <![CDATA[The Da Vinci Code (Abridged Edition)]]>
            </line>
            <line>
              <![CDATA[Davinci Code]]>
            </line>
            <line>
              <![CDATA[The Da Vinci Code]]>
            </line>
            <line>
              <![CDATA[DA VINCI CODE]]>
            </line>
            <line>
              <![CDATA[THE DA VINCI CODE : A QUEST FOR ANSWERS (Hindi) हिंदी]]>
            </line>
            <line>
              <![CDATA[Robert Langdon Series Collection 7 Books Set By Dan Brown (Angels And Demons, The Da Vinci Code, The Lost Symbol, Inferno, Origin, Digital Fortress, Deception Point)]]>
            </line>
            <line>
              <![CDATA[Angels and Demons: (Robert Langdon Book 1)]]>
            </line>
            <line>
              <![CDATA[Battle for Power]]>
            </line>
            <line>
              <![CDATA[Terror on the Divine]]>
            </line>
            <line>
              <![CDATA[The Da Vinci Code]]>
            </line>
            <line>
              <![CDATA[The Da Vinci Code]]>
            </line>
            <line>
              <![CDATA[Da Vinci: El Codigo Secreto / the Secret Code]]>
            </line>
            <line>
              <![CDATA[The da Vinci code]]>
            </line>
            <line>
              <![CDATA[The Da Vinci Code]]>
            </line>
            <line>
              <![CDATA[Angels and Demons + The Da Vinci Code + The Lost Symbol(Set of 3 Books)]]>
            </line>
            <line>
              <![CDATA[Da vinci Code]]>
            </line>
            <line>
              <![CDATA[The Robert Langdon Collection by Dan Brown: Inferno/The Lost Symbol/The Da Vinci Code/Angels & Demons]]>
            </line>
            <line>
              <![CDATA[The Complete Novels of Sherlock Holmes]]>
            </line>
            <line>
              <![CDATA[The Last Nazi: a WW2 spy conspiracy thriller (A Joe Johnson Thriller, Book 1)]]>
            </line>
            <line>
              <![CDATA[Strangers to the Known: Karma finds its way]]>
            </line>
            <line>
              <![CDATA[The Ghost Mystery at Showmoon Mansion: Shaishav-7]]>
            </line>
          </reporter-output>
        </test-method> <!-- searchItemDDT -->
        <test-method status="PASS" signature="loadPages()[pri:0, instance:com.qa.testsScripts.TC_AmazonSearchItemDDT_003@3fd7a715]" name="loadPages" is-config="true" duration-ms="38" started-at="2021-01-31T17:14:07 IST" finished-at="2021-01-31T17:14:07 IST">
          <reporter-output>
          </reporter-output>
        </test-method> <!-- loadPages -->
        <test-method status="FAIL" signature="searchItemDDT(java.lang.String, java.lang.String)[pri:0, instance:com.qa.testsScripts.TC_AmazonSearchItemDDT_003@3fd7a715]" name="searchItemDDT" duration-ms="26093" started-at="2021-01-31T17:14:07 IST" data-provider="DataSource" finished-at="2021-01-31T17:14:33 IST">
          <params>
            <param index="0">
              <value>
                <![CDATA[Furniture]]>
              </value>
            </param>
            <param index="1">
              <value>
                <![CDATA[Wooden Tables]]>
              </value>
            </param>
          </params>
          <exception class="java.lang.AssertionError">
            <full-stacktrace>
              <![CDATA[java.lang.AssertionError
at org.junit.Assert.fail(Assert.java:86)
at org.junit.Assert.assertTrue(Assert.java:41)
at org.junit.Assert.assertTrue(Assert.java:52)
at com.qa.testsScripts.TC_AmazonSearchItemDDT_003.searchItemDDT(TC_AmazonSearchItemDDT_003.java:47)
at sun.reflect.NativeMethodAccessorImpl.invoke0(Native Method)
at sun.reflect.NativeMethodAccessorImpl.invoke(NativeMethodAccessorImpl.java:62)
at sun.reflect.DelegatingMethodAccessorImpl.invoke(DelegatingMethodAccessorImpl.java:43)
at java.lang.reflect.Method.invoke(Method.java:498)
at org.testng.internal.MethodInvocationHelper.invokeMethod(MethodInvocationHelper.java:132)
at org.testng.internal.TestInvoker.invokeMethod(TestInvoker.java:599)
at org.testng.internal.TestInvoker.invokeTestMethod(TestInvoker.java:174)
at org.testng.internal.MethodRunner.runInSequence(MethodRunner.java:46)
at org.testng.internal.TestInvoker$MethodInvocationAgent.invoke(TestInvoker.java:822)
at org.testng.internal.TestInvoker.invokeTestMethods(TestInvoker.java:147)
at org.testng.internal.TestMethodWorker.invokeTestMethods(TestMethodWorker.java:146)
at org.testng.internal.TestMethodWorker.run(TestMethodWorker.java:128)
at java.util.ArrayList.forEach(ArrayList.java:1259)
at org.testng.TestRunner.privateRun(TestRunner.java:764)
at org.testng.TestRunner.run(TestRunner.java:585)
at org.testng.SuiteRunner.runTest(SuiteRunner.java:384)
at org.testng.SuiteRunner.runSequentially(SuiteRunner.java:378)
at org.testng.SuiteRunner.privateRun(SuiteRunner.java:337)
at org.testng.SuiteRunner.run(SuiteRunner.java:286)
at org.testng.SuiteRunnerWorker.runSuite(SuiteRunnerWorker.java:53)
at org.testng.SuiteRunnerWorker.run(SuiteRunnerWorker.java:96)
at org.testng.TestNG.runSuitesSequentially(TestNG.java:1218)
at org.testng.TestNG.runSuitesLocally(TestNG.java:1140)
at org.testng.TestNG.runSuites(TestNG.java:1069)
at org.testng.TestNG.run(TestNG.java:1037)
at org.apache.maven.surefire.testng.TestNGExecutor.run(TestNGExecutor.java:283)
at org.apache.maven.surefire.testng.TestNGXmlTestSuite.execute(TestNGXmlTestSuite.java:75)
at org.apache.maven.surefire.testng.TestNGProvider.invoke(TestNGProvider.java:120)
at org.apache.maven.surefire.booter.ForkedBooter.invokeProviderInSameClassLoader(ForkedBooter.java:384)
at org.apache.maven.surefire.booter.ForkedBooter.runSuitesInProcess(ForkedBooter.java:345)
at org.apache.maven.surefire.booter.ForkedBooter.execute(ForkedBooter.java:126)
at org.apache.maven.surefire.booter.ForkedBooter.main(ForkedBooter.java:418)
]]>
            </full-stacktrace>
          </exception> <!-- java.lang.AssertionError -->
          <reporter-output>
            <line>
              <![CDATA[There are no items displayed]]>
            </line>
          </reporter-output>
        </test-method> <!-- searchItemDDT -->
        <test-method status="PASS" signature="loadPages()[pri:0, instance:com.qa.testsScripts.TC_AmazonSearchItemDDT_003@3fd7a715]" name="loadPages" is-config="true" duration-ms="39" started-at="2021-01-31T17:14:34 IST" finished-at="2021-01-31T17:14:34 IST">
          <reporter-output>
          </reporter-output>
        </test-method> <!-- loadPages -->
        <test-method status="PASS" signature="searchItemDDT(java.lang.String, java.lang.String)[pri:0, instance:com.qa.testsScripts.TC_AmazonSearchItemDDT_003@3fd7a715]" name="searchItemDDT" duration-ms="36320" started-at="2021-01-31T17:14:34 IST" data-provider="DataSource" finished-at="2021-01-31T17:15:10 IST">
          <params>
            <param index="0">
              <value>
                <![CDATA[Electronics]]>
              </value>
            </param>
            <param index="1">
              <value>
                <![CDATA[Mobile phones]]>
              </value>
            </param>
          </params>
          <reporter-output>
            <line>
              <![CDATA[There are items displayed]]>
            </line>
            <line>
              <![CDATA[OnePlus 8T 5G (Lunar Silver, 8GB RAM, 128GB Storage)]]>
            </line>
            <line>
              <![CDATA[LG Wing (Illusion Sky, 128 GB) (8 GB RAM)- Versatile Multi-Screen, Charger Included]]>
            </line>
            <line>
              <![CDATA[Panasonic Eluga i7 (2GB RAM, 16GB Storage, Finger Print Sensor, 4000mAh Battery) (Black)]]>
            </line>
            <line>
              <![CDATA[Nokia 105 Single SIM (Black)]]>
            </line>
            <line>
              <![CDATA[Samsung Galaxy M02s (Blue,4GB RAM, 64GB Storage) | 5000 mAh | Triple Camera]]>
            </line>
            <line>
              <![CDATA[Redmi 9 (Sky Blue, 4GB RAM, 64GB Storage)]]>
            </line>
            <line>
              <![CDATA[Nokia 225 4G Dual SIM Feature Phone with Long Battery Life, Camera, Multiplayer Games, and Premium Finish – Black Colour]]>
            </line>
            <line>
              <![CDATA[Redmi 8A Dual (Sea Blue, 3GB RAM, 32GB Storage) – Dual Cameras & 5,000 mAH Battery]]>
            </line>
            <line>
              <![CDATA[Samsung Galaxy M01 Core (Red, 2GB RAM, 32GB Storage) with No Cost EMI/Additional Exchange Offers]]>
            </line>
            <line>
              <![CDATA[Samsung Galaxy M01 Core (Blue, 1GB RAM, 16GB Storage) with No Cost EMI/Additional Exchange Offers]]>
            </line>
            <line>
              <![CDATA[Samsung Galaxy M01 (Blue, 3GB RAM, 32GB Storage) with No Cost EMI/Additional Exchange Offers]]>
            </line>
            <line>
              <![CDATA[Samsung Galaxy M21 (Midnight Blue, 4GB RAM, 64GB Storage)]]>
            </line>
            <line>
              <![CDATA[Oppo A31 (Fantasy White, 6GB RAM, 128GB Storage) with No Cost EMI/Additional Exchange Offers]]>
            </line>
            <line>
              <![CDATA[Redmi Note 9 Pro (Interstellar Black, 4GB RAM, 64GB Storage)- Latest 8nm Snapdragon 720G & Alexa Hands-Free | Upto 6 Months No Cost EMI]]>
            </line>
            <line>
              <![CDATA[itel A48 (Gradation Green, 2GB RAM, 32GB Storage)]]>
            </line>
            <line>
              <![CDATA[TRIO T8 Boss Feature Mobile Phone with, Dual SIM Card, Powerful Battery, Stereo Sound, Bright LED Torch, Call Recorder | Palm Friendly Grip with 2.4" QVGA TFT Screen, (Champagne Gold)…]]>
            </line>
            <line>
              <![CDATA[OrderIQ Mobile Phone 3D Screen Magnifier 3D Video Screen Amplifier Eyes Protection Enlarged Expander Support for All Smartphones]]>
            </line>
            <line>
              <![CDATA[ELV Desktop Cell Phone Stand Tablet Stand, Aluminum Stand Holder for Mobile Phone (All Size) and Tablet (Up to 10.1 inch) - Black]]>
            </line>
            <line>
              <![CDATA[XENTEK (Festival Sale :Deal of The Day) Mobile Phone 3D Screen Magnifier Watch Enlarged Video Cartoon ETC with Eyes Protection *Limited TIME Deal*]]>
            </line>
            <line>
              <![CDATA[STRIFF Multi Angle Mobile Stand. Phone Holder for iPhone, Android, Samsung, OnePlus, Xiaomi. Portable,Foldable Cell Phone Stand.Perfect for Bed,Office, Home,Gift and Desktop (Black)]]>
            </line>
            <line>
              <![CDATA[HUMBLE Universal 360 Degree Adjustable Mobile Phone Holder for Bicycle | Bike | Motorcycle | Ideal for Maps | Navigation | Charging - Black]]>
            </line>
            <line>
              <![CDATA[Portronics CLAMP X POR-1101 Car-Vent Mobile Holder with Adjustable Side Arm for Smartphones (Z-Black)]]>
            </line>
            <line>
              <![CDATA[ELV Car Mount Adjustable Car Phone Holder Universal Long Arm, Windshield for Smartphones - Black]]>
            </line>
            <line>
              <![CDATA[I KALL K320 4G Dual Sim Smart Phone (Purple, 4GB RAM, 64GB Storage, 6.53 Inch)]]>
            </line>
            <line>
              <![CDATA[CEUTA® All Android and iOS Mobile Phones Universal Waterproof Hand Fitness Armband Pouch/Arm Belt/Case for Running Hiking Jogging Sports and Gym Activities, Up to 6 inch - Multi Color]]>
            </line>
            <line>
              <![CDATA[Tygot Adjustable Aluminium Alloy Tripod Stand Holder for Mobile Phones & Camera, 360 mm -1050 mm, 1/4 inch Screw + Mobile Holder Bracket]]>
            </line>
            <line>
              <![CDATA[Case Plus Adjustable Aluminium Alloy Tripod Stand Holder for Mobile Phones & Camera, 360 mm -1050 mm, 1/4 inch Screw + Mobile Holder Bracket (Aluminium Alloy Tripod Stand)]]>
            </line>
            <line>
              <![CDATA[ELV Aluminum Adjustable Mobile Phone Foldable Holder Stand Dock Mount for All Smartphones, Tabs, Kindle, iPad (Black)]]>
            </line>
          </reporter-output>
        </test-method> <!-- searchItemDDT -->
        <test-method status="PASS" signature="tearDown()[pri:0, instance:com.qa.testsScripts.TC_AmazonSearchItemDDT_003@3fd7a715]" name="tearDown" is-config="true" duration-ms="2573" started-at="2021-01-31T17:15:10 IST" finished-at="2021-01-31T17:15:13 IST">
          <reporter-output>
          </reporter-output>
        </test-method> <!-- tearDown -->
      </class> <!-- com.qa.testsScripts.TC_AmazonSearchItemDDT_003 -->
      <class name="com.qa.testsScripts.TC_AmazonSearchItem_001">
        <test-method status="PASS" signature="setUp(java.lang.String)[pri:0, instance:com.qa.testsScripts.TC_AmazonSearchItem_001@711f39f9]" name="setUp" is-config="true" duration-ms="20733" started-at="2021-01-31T17:15:13 IST" finished-at="2021-01-31T17:15:34 IST">
          <params>
            <param index="0">
              <value>
                <![CDATA[chrome]]>
              </value>
            </param>
          </params>
          <reporter-output>
          </reporter-output>
        </test-method> <!-- setUp -->
        <test-method status="PASS" signature="loadPages()[pri:0, instance:com.qa.testsScripts.TC_AmazonSearchItem_001@711f39f9]" name="loadPages" is-config="true" duration-ms="170" started-at="2021-01-31T17:15:34 IST" finished-at="2021-01-31T17:15:34 IST">
          <reporter-output>
          </reporter-output>
        </test-method> <!-- loadPages -->
        <test-method status="PASS" signature="searchItem()[pri:0, instance:com.qa.testsScripts.TC_AmazonSearchItem_001@711f39f9]" name="searchItem" duration-ms="27921" started-at="2021-01-31T17:15:34 IST" finished-at="2021-01-31T17:16:02 IST">
          <reporter-output>
            <line>
              <![CDATA[Title is correct]]>
            </line>
          </reporter-output>
        </test-method> <!-- searchItem -->
        <test-method status="PASS" signature="tearDown()[pri:0, instance:com.qa.testsScripts.TC_AmazonSearchItem_001@711f39f9]" name="tearDown" is-config="true" duration-ms="3413" started-at="2021-01-31T17:16:02 IST" finished-at="2021-01-31T17:16:05 IST">
          <reporter-output>
          </reporter-output>
        </test-method> <!-- tearDown -->
      </class> <!-- com.qa.testsScripts.TC_AmazonSearchItem_001 -->
      <class name="com.qa.testsScripts.TC_AmazonHomePage_002">
        <test-method status="PASS" signature="setUp(java.lang.String)[pri:0, instance:com.qa.testsScripts.TC_AmazonHomePage_002@71bbf57e]" name="setUp" is-config="true" duration-ms="18512" started-at="2021-01-31T17:16:05 IST" finished-at="2021-01-31T17:16:24 IST">
          <params>
            <param index="0">
              <value>
                <![CDATA[chrome]]>
              </value>
            </param>
          </params>
          <reporter-output>
          </reporter-output>
        </test-method> <!-- setUp -->
        <test-method status="PASS" signature="loadPages()[pri:0, instance:com.qa.testsScripts.TC_AmazonHomePage_002@71bbf57e]" name="loadPages" is-config="true" duration-ms="136" started-at="2021-01-31T17:16:24 IST" finished-at="2021-01-31T17:16:24 IST">
          <reporter-output>
          </reporter-output>
        </test-method> <!-- loadPages -->
        <test-method status="FAIL" signature="getFooterlinks()[pri:0, instance:com.qa.testsScripts.TC_AmazonHomePage_002@71bbf57e]" name="getFooterlinks" duration-ms="8544" started-at="2021-01-31T17:16:24 IST" finished-at="2021-01-31T17:16:33 IST">
          <exception class="java.lang.AssertionError">
            <full-stacktrace>
              <![CDATA[java.lang.AssertionError
at org.junit.Assert.fail(Assert.java:86)
at org.junit.Assert.assertTrue(Assert.java:41)
at org.junit.Assert.assertTrue(Assert.java:52)
at com.qa.testsScripts.TC_AmazonHomePage_002.getFooterlinks(TC_AmazonHomePage_002.java:38)
at sun.reflect.NativeMethodAccessorImpl.invoke0(Native Method)
at sun.reflect.NativeMethodAccessorImpl.invoke(NativeMethodAccessorImpl.java:62)
at sun.reflect.DelegatingMethodAccessorImpl.invoke(DelegatingMethodAccessorImpl.java:43)
at java.lang.reflect.Method.invoke(Method.java:498)
at org.testng.internal.MethodInvocationHelper.invokeMethod(MethodInvocationHelper.java:132)
at org.testng.internal.TestInvoker.invokeMethod(TestInvoker.java:599)
at org.testng.internal.TestInvoker.invokeTestMethod(TestInvoker.java:174)
at org.testng.internal.MethodRunner.runInSequence(MethodRunner.java:46)
at org.testng.internal.TestInvoker$MethodInvocationAgent.invoke(TestInvoker.java:822)
at org.testng.internal.TestInvoker.invokeTestMethods(TestInvoker.java:147)
at org.testng.internal.TestMethodWorker.invokeTestMethods(TestMethodWorker.java:146)
at org.testng.internal.TestMethodWorker.run(TestMethodWorker.java:128)
at java.util.ArrayList.forEach(ArrayList.java:1259)
at org.testng.TestRunner.privateRun(TestRunner.java:764)
at org.testng.TestRunner.run(TestRunner.java:585)
at org.testng.SuiteRunner.runTest(SuiteRunner.java:384)
at org.testng.SuiteRunner.runSequentially(SuiteRunner.java:378)
at org.testng.SuiteRunner.privateRun(SuiteRunner.java:337)
at org.testng.SuiteRunner.run(SuiteRunner.java:286)
at org.testng.SuiteRunnerWorker.runSuite(SuiteRunnerWorker.java:53)
at org.testng.SuiteRunnerWorker.run(SuiteRunnerWorker.java:96)
at org.testng.TestNG.runSuitesSequentially(TestNG.java:1218)
at org.testng.TestNG.runSuitesLocally(TestNG.java:1140)
at org.testng.TestNG.runSuites(TestNG.java:1069)
at org.testng.TestNG.run(TestNG.java:1037)
at org.apache.maven.surefire.testng.TestNGExecutor.run(TestNGExecutor.java:283)
at org.apache.maven.surefire.testng.TestNGXmlTestSuite.execute(TestNGXmlTestSuite.java:75)
at org.apache.maven.surefire.testng.TestNGProvider.invoke(TestNGProvider.java:120)
at org.apache.maven.surefire.booter.ForkedBooter.invokeProviderInSameClassLoader(ForkedBooter.java:384)
at org.apache.maven.surefire.booter.ForkedBooter.runSuitesInProcess(ForkedBooter.java:345)
at org.apache.maven.surefire.booter.ForkedBooter.execute(ForkedBooter.java:126)
at org.apache.maven.surefire.booter.ForkedBooter.main(ForkedBooter.java:418)
]]>
            </full-stacktrace>
          </exception> <!-- java.lang.AssertionError -->
          <reporter-output>
            <line>
              <![CDATA[It is not as expeted]]>
            </line>
          </reporter-output>
        </test-method> <!-- getFooterlinks -->
        <test-method status="PASS" signature="tearDown()[pri:0, instance:com.qa.testsScripts.TC_AmazonHomePage_002@71bbf57e]" name="tearDown" is-config="true" duration-ms="2153" started-at="2021-01-31T17:16:33 IST" finished-at="2021-01-31T17:16:35 IST">
          <reporter-output>
          </reporter-output>
        </test-method> <!-- tearDown -->
      </class> <!-- com.qa.testsScripts.TC_AmazonHomePage_002 -->
    </test> <!-- Amazon Functional testing -->
  </suite> <!-- Automation Testing -->
</testng-results>
