<?xml version="1.0" encoding="UTF-8"?>
<testng-results ignored="0" total="3" passed="2" failed="1" skipped="0">
  <reporter-output>
    <line>
      <![CDATA[There are items displayed]]>
    </line>
    <line>
      <![CDATA[The Da Vinci Code: (Robert Langdon Book 2)]]>
    </line>
    <line>
      <![CDATA[The Da Vinci Code (Abridged Edition)]]>
    </line>
    <line>
      <![CDATA[Davinci Code]]>
    </line>
    <line>
      <![CDATA[Angels and Demons: (Robert Langdon Book 1)]]>
    </line>
    <line>
      <![CDATA[The Case-Book of Sherlock Holmes]]>
    </line>
    <line>
      <![CDATA[To Kill A Mockingbird: 50th Anniversary Edition: 60th Anniversary Edition]]>
    </line>
    <line>
      <![CDATA[Robert Langdon Series Collection 7 Books Set By Dan Brown (Angels And Demons, The Da Vinci Code, The Lost Symbol, Inferno, Origin, Digital Fortress, Deception Point)]]>
    </line>
    <line>
      <![CDATA[A Thousand Splendid Suns]]>
    </line>
    <line>
      <![CDATA[Battle for Power]]>
    </line>
    <line>
      <![CDATA[Terror on the Divine]]>
    </line>
    <line>
      <![CDATA[One Arranged Murder]]>
    </line>
    <line>
      <![CDATA[Harappa Trilogy]]>
    </line>
    <line>
      <![CDATA[The Silent Patient: The record-breaking, multimillion copy Sunday Times bestselling thriller and Richard & Judy book club pick]]>
    </line>
    <line>
      <![CDATA[The Blue Umbrella]]>
    </line>
    <line>
      <![CDATA[Enslaved]]>
    </line>
    <line>
      <![CDATA[The Secret Of The Nagas (Shiva Trilogy-2)]]>
    </line>
    <line>
      <![CDATA[And Then There Were None: The World’s Favourite Agatha Christie Book]]>
    </line>
    <line>
      <![CDATA[The Alchemist]]>
    </line>
    <line>
      <![CDATA[The Complete Novels of Sherlock Holmes]]>
    </line>
    <line>
      <![CDATA[The Last Nazi: a WW2 spy conspiracy thriller (A Joe Johnson Thriller, Book 1)]]>
    </line>
    <line>
      <![CDATA[The Krishna Key]]>
    </line>
    <line>
      <![CDATA[The Murder on the Links (Agatha Christie Facsimile Edtn)]]>
    </line>
    <line>
      <![CDATA[There are no items displayed]]>
    </line>
    <line>
      <![CDATA[There are items displayed]]>
    </line>
    <line>
      <![CDATA[OnePlus 8T 5G (Lunar Silver, 8GB RAM, 128GB Storage)]]>
    </line>
    <line>
      <![CDATA[LG Wing (Illusion Sky, 128 GB) (8 GB RAM)- Versatile Multi-Screen, Charger Included]]>
    </line>
    <line>
      <![CDATA[Panasonic Eluga i7 (2GB RAM, 16GB Storage, Finger Print Sensor, 4000mAh Battery) (Black)]]>
    </line>
    <line>
      <![CDATA[Redmi 9 (Sky Blue, 4GB RAM, 64GB Storage)]]>
    </line>
    <line>
      <![CDATA[Samsung Galaxy M02s (Blue,4GB RAM, 64GB Storage) | 5000 mAh | Triple Camera]]>
    </line>
    <line>
      <![CDATA[Samsung Galaxy M31 (Ocean Blue, 6GB RAM, 128GB Storage)]]>
    </line>
    <line>
      <![CDATA[Redmi 8A Dual (Sea Blue, 3GB RAM, 32GB Storage) – Dual Cameras & 5,000 mAH Battery]]>
    </line>
    <line>
      <![CDATA[Samsung Galaxy M21 (Midnight Blue, 4GB RAM, 64GB Storage)]]>
    </line>
    <line>
      <![CDATA[Samsung Galaxy M01 (Blue, 3GB RAM, 32GB Storage) with No Cost EMI/Additional Exchange Offers]]>
    </line>
    <line>
      <![CDATA[Nokia 5310 Dual SIM Feature Phone with MP3 Player, Wireless FM Radio and Rear Camera]]>
    </line>
    <line>
      <![CDATA[Nokia 105 Single SIM (Blue)]]>
    </line>
    <line>
      <![CDATA[Nokia 105 Single SIM (Black)]]>
    </line>
    <line>
      <![CDATA[Samsung Galaxy M01 Core (Blue, 1GB RAM, 16GB Storage) with No Cost EMI/Additional Exchange Offers]]>
    </line>
    <line>
      <![CDATA[Nokia 225 4G Dual SIM Feature Phone with Long Battery Life, Camera, Multiplayer Games, and Premium Finish – Black Colour]]>
    </line>
    <line>
      <![CDATA[itel A48 (Gradation Green, 2GB RAM, 32GB Storage)]]>
    </line>
    <line>
      <![CDATA[Lava Pulse Mobile Phone - with BP & Heart Rate Monitor (Gold)]]>
    </line>
    <line>
      <![CDATA[Honor 9X (Midnight Black, 4+128GB Storage) -Pop up Front Camera & 48MP Triple Rear Camera]]>
    </line>
    <line>
      <![CDATA[OPPO A5S (Black, 3GB RAM, 32GB Storage) With No Cost EMI/Additional Exchange Offers]]>
    </line>
    <line>
      <![CDATA[STRIFF Multi Angle Mobile Stand. Phone Holder for iPhone, Android, Samsung, OnePlus, Xiaomi. Portable,Foldable Cell Phone Stand.Perfect for Bed,Office, Home,Gift and Desktop (Black)]]>
    </line>
    <line>
      <![CDATA[ELV Desktop Cell Phone Stand Tablet Stand, Aluminum Stand Holder for Mobile Phone (All Size) and Tablet (Up to 10.1 inch) - Black]]>
    </line>
    <line>
      <![CDATA[Vivo Y91i (Ocean Blue, 2GB RAM, 32GB Storage) with No Cost EMI/Additional Exchange Offers]]>
    </line>
    <line>
      <![CDATA[Nokia 3310 Dual SIM Feature Phone with MP3 Player, Wireless FM Radio and Rear Camera]]>
    </line>
    <line>
      <![CDATA[Sony WI-XB400 Wireless Extra Bass in-Ear Headphones with 15 Hours Battery Life, Quick Charge, Magnetic Earbuds, Tangle Free Cord, Bluetooth Ver 5.0, Headset with Mic for Phone Calls – (Black)]]>
    </line>
    <line>
      <![CDATA[Boult Audio AirBass PowerBuds True Wireless Earbuds with Fast Charging & 155 Hours Hotal Playtime, Touch Controls, IPX7 Waterproof, Reverse Charging for Mobile Phones and Type C Port (Black)]]>
    </line>
    <line>
      <![CDATA[ELV Car Mount Adjustable Car Phone Holder Universal Long Arm, Windshield for Smartphones - Black]]>
    </line>
    <line>
      <![CDATA[Redmi 9 (Sporty Orange, 4GB RAM, 128GB Storage)]]>
    </line>
    <line>
      <![CDATA[boAt Rockerz 255 Sports in-Ear Bluetooth Neckband Earphone with Mic (Active Black)]]>
    </line>
    <line>
      <![CDATA[HUMBLE Universal 360 Degree Adjustable Mobile Phone Holder for Bicycle | Bike | Motorcycle | Ideal for Maps | Navigation | Charging - Black]]>
    </line>
    <line>
      <![CDATA[TRIO T4 Jazz Feature Mobile Phone with Dual SIM Card, Dual Camera, Powerful Battery, LED Torch, Dedicated Music Keys | Palm Friendly Grip with 1.77” QVGA Screen, Expandable Memory up to 32 GB (Black)]]>
    </line>
    <line>
      <![CDATA[TRIO T8 Boss Feature Mobile Phone with, Dual SIM Card, Powerful Battery, Stereo Sound, Bright LED Torch, Call Recorder | Palm Friendly Grip with 2.4" QVGA TFT Screen, (Ocean Blue)…]]>
    </line>
  </reporter-output>
  <suite started-at="2021-01-31T13:19:24 IST" name="Automation Testing" finished-at="2021-01-31T13:20:54 IST" duration-ms="89234">
    <groups>
    </groups>
    <test started-at="2021-01-31T13:19:24 IST" name="Amazon Functional testing" finished-at="2021-01-31T13:20:54 IST" duration-ms="89234">
      <class name="com.qa.testsScripts.TC_AmazonSearchItemDDT_003">
        <test-method is-config="true" signature="setUp(java.lang.String)[pri:0, instance:com.qa.testsScripts.TC_AmazonSearchItemDDT_003@7e7be63f]" started-at="2021-01-31T13:19:26 IST" name="setUp" finished-at="2021-01-31T13:19:49 IST" duration-ms="22986" status="PASS">
          <params>
            <param index="0">
              <value>
                <![CDATA[chrome]]>
              </value>
            </param>
          </params>
          <reporter-output>
          </reporter-output>
        </test-method> <!-- setUp -->
        <test-method is-config="true" signature="loadPages()[pri:0, instance:com.qa.testsScripts.TC_AmazonSearchItemDDT_003@7e7be63f]" started-at="2021-01-31T13:20:01 IST" name="loadPages" finished-at="2021-01-31T13:20:01 IST" duration-ms="354" status="PASS">
          <reporter-output>
          </reporter-output>
        </test-method> <!-- loadPages -->
        <test-method signature="searchItemDDT(java.lang.String, java.lang.String)[pri:0, instance:com.qa.testsScripts.TC_AmazonSearchItemDDT_003@7e7be63f]" started-at="2021-01-31T13:20:01 IST" name="searchItemDDT" data-provider="DataSource" finished-at="2021-01-31T13:20:19 IST" duration-ms="17822" status="PASS">
          <params>
            <param index="0">
              <value>
                <![CDATA[Books]]>
              </value>
            </param>
            <param index="1">
              <value>
                <![CDATA[Da vinci code]]>
              </value>
            </param>
          </params>
          <reporter-output>
            <line>
              <![CDATA[There are items displayed]]>
            </line>
            <line>
              <![CDATA[The Da Vinci Code: (Robert Langdon Book 2)]]>
            </line>
            <line>
              <![CDATA[The Da Vinci Code (Abridged Edition)]]>
            </line>
            <line>
              <![CDATA[Davinci Code]]>
            </line>
            <line>
              <![CDATA[Angels and Demons: (Robert Langdon Book 1)]]>
            </line>
            <line>
              <![CDATA[The Case-Book of Sherlock Holmes]]>
            </line>
            <line>
              <![CDATA[To Kill A Mockingbird: 50th Anniversary Edition: 60th Anniversary Edition]]>
            </line>
            <line>
              <![CDATA[Robert Langdon Series Collection 7 Books Set By Dan Brown (Angels And Demons, The Da Vinci Code, The Lost Symbol, Inferno, Origin, Digital Fortress, Deception Point)]]>
            </line>
            <line>
              <![CDATA[A Thousand Splendid Suns]]>
            </line>
            <line>
              <![CDATA[Battle for Power]]>
            </line>
            <line>
              <![CDATA[Terror on the Divine]]>
            </line>
            <line>
              <![CDATA[One Arranged Murder]]>
            </line>
            <line>
              <![CDATA[Harappa Trilogy]]>
            </line>
            <line>
              <![CDATA[The Silent Patient: The record-breaking, multimillion copy Sunday Times bestselling thriller and Richard & Judy book club pick]]>
            </line>
            <line>
              <![CDATA[The Blue Umbrella]]>
            </line>
            <line>
              <![CDATA[Enslaved]]>
            </line>
            <line>
              <![CDATA[The Secret Of The Nagas (Shiva Trilogy-2)]]>
            </line>
            <line>
              <![CDATA[And Then There Were None: The World’s Favourite Agatha Christie Book]]>
            </line>
            <line>
              <![CDATA[The Alchemist]]>
            </line>
            <line>
              <![CDATA[The Complete Novels of Sherlock Holmes]]>
            </line>
            <line>
              <![CDATA[The Last Nazi: a WW2 spy conspiracy thriller (A Joe Johnson Thriller, Book 1)]]>
            </line>
            <line>
              <![CDATA[The Krishna Key]]>
            </line>
            <line>
              <![CDATA[The Murder on the Links (Agatha Christie Facsimile Edtn)]]>
            </line>
          </reporter-output>
        </test-method> <!-- searchItemDDT -->
        <test-method is-config="true" signature="loadPages()[pri:0, instance:com.qa.testsScripts.TC_AmazonSearchItemDDT_003@7e7be63f]" started-at="2021-01-31T13:20:19 IST" name="loadPages" finished-at="2021-01-31T13:20:19 IST" duration-ms="45" status="PASS">
          <reporter-output>
          </reporter-output>
        </test-method> <!-- loadPages -->
        <test-method signature="searchItemDDT(java.lang.String, java.lang.String)[pri:0, instance:com.qa.testsScripts.TC_AmazonSearchItemDDT_003@7e7be63f]" started-at="2021-01-31T13:20:19 IST" name="searchItemDDT" data-provider="DataSource" finished-at="2021-01-31T13:20:37 IST" duration-ms="18048" status="FAIL">
          <params>
            <param index="0">
              <value>
                <![CDATA[Furniture]]>
              </value>
            </param>
            <param index="1">
              <value>
                <![CDATA[Wooden Tables]]>
              </value>
            </param>
          </params>
          <exception class="java.lang.AssertionError">
            <full-stacktrace>
              <![CDATA[java.lang.AssertionError
at org.junit.Assert.fail(Assert.java:86)
at org.junit.Assert.assertTrue(Assert.java:41)
at org.junit.Assert.assertTrue(Assert.java:52)
at com.qa.testsScripts.TC_AmazonSearchItemDDT_003.searchItemDDT(TC_AmazonSearchItemDDT_003.java:47)
at java.base/jdk.internal.reflect.NativeMethodAccessorImpl.invoke0(Native Method)
at java.base/jdk.internal.reflect.NativeMethodAccessorImpl.invoke(NativeMethodAccessorImpl.java:64)
at java.base/jdk.internal.reflect.DelegatingMethodAccessorImpl.invoke(DelegatingMethodAccessorImpl.java:43)
at java.base/java.lang.reflect.Method.invoke(Method.java:564)
at org.testng.internal.MethodInvocationHelper.invokeMethod(MethodInvocationHelper.java:132)
at org.testng.internal.TestInvoker.invokeMethod(TestInvoker.java:599)
at org.testng.internal.TestInvoker.invokeTestMethod(TestInvoker.java:174)
at org.testng.internal.MethodRunner.runInSequence(MethodRunner.java:46)
at org.testng.internal.TestInvoker$MethodInvocationAgent.invoke(TestInvoker.java:822)
at org.testng.internal.TestInvoker.invokeTestMethods(TestInvoker.java:147)
at org.testng.internal.TestMethodWorker.invokeTestMethods(TestMethodWorker.java:146)
at org.testng.internal.TestMethodWorker.run(TestMethodWorker.java:128)
at java.base/java.util.ArrayList.forEach(ArrayList.java:1511)
at org.testng.TestRunner.privateRun(TestRunner.java:764)
at org.testng.TestRunner.run(TestRunner.java:585)
at org.testng.SuiteRunner.runTest(SuiteRunner.java:384)
at org.testng.SuiteRunner.runSequentially(SuiteRunner.java:378)
at org.testng.SuiteRunner.privateRun(SuiteRunner.java:337)
at org.testng.SuiteRunner.run(SuiteRunner.java:286)
at org.testng.SuiteRunnerWorker.runSuite(SuiteRunnerWorker.java:53)
at org.testng.SuiteRunnerWorker.run(SuiteRunnerWorker.java:96)
at org.testng.TestNG.runSuitesSequentially(TestNG.java:1218)
at org.testng.TestNG.runSuitesLocally(TestNG.java:1140)
at org.testng.TestNG.runSuites(TestNG.java:1069)
at org.testng.TestNG.run(TestNG.java:1037)
at org.testng.remote.AbstractRemoteTestNG.run(AbstractRemoteTestNG.java:115)
at org.testng.remote.RemoteTestNG.initAndRun(RemoteTestNG.java:251)
at org.testng.remote.RemoteTestNG.main(RemoteTestNG.java:77)
]]>
            </full-stacktrace>
          </exception> <!-- java.lang.AssertionError -->
          <reporter-output>
            <line>
              <![CDATA[There are no items displayed]]>
            </line>
          </reporter-output>
        </test-method> <!-- searchItemDDT -->
        <test-method is-config="true" signature="loadPages()[pri:0, instance:com.qa.testsScripts.TC_AmazonSearchItemDDT_003@7e7be63f]" started-at="2021-01-31T13:20:37 IST" name="loadPages" finished-at="2021-01-31T13:20:37 IST" duration-ms="5" status="PASS">
          <reporter-output>
          </reporter-output>
        </test-method> <!-- loadPages -->
        <test-method signature="searchItemDDT(java.lang.String, java.lang.String)[pri:0, instance:com.qa.testsScripts.TC_AmazonSearchItemDDT_003@7e7be63f]" started-at="2021-01-31T13:20:37 IST" name="searchItemDDT" data-provider="DataSource" finished-at="2021-01-31T13:20:52 IST" duration-ms="14660" status="PASS">
          <params>
            <param index="0">
              <value>
                <![CDATA[Electronics]]>
              </value>
            </param>
            <param index="1">
              <value>
                <![CDATA[Mobile phones]]>
              </value>
            </param>
          </params>
          <reporter-output>
            <line>
              <![CDATA[There are items displayed]]>
            </line>
            <line>
              <![CDATA[OnePlus 8T 5G (Lunar Silver, 8GB RAM, 128GB Storage)]]>
            </line>
            <line>
              <![CDATA[LG Wing (Illusion Sky, 128 GB) (8 GB RAM)- Versatile Multi-Screen, Charger Included]]>
            </line>
            <line>
              <![CDATA[Panasonic Eluga i7 (2GB RAM, 16GB Storage, Finger Print Sensor, 4000mAh Battery) (Black)]]>
            </line>
            <line>
              <![CDATA[Redmi 9 (Sky Blue, 4GB RAM, 64GB Storage)]]>
            </line>
            <line>
              <![CDATA[Samsung Galaxy M02s (Blue,4GB RAM, 64GB Storage) | 5000 mAh | Triple Camera]]>
            </line>
            <line>
              <![CDATA[Samsung Galaxy M31 (Ocean Blue, 6GB RAM, 128GB Storage)]]>
            </line>
            <line>
              <![CDATA[Redmi 8A Dual (Sea Blue, 3GB RAM, 32GB Storage) – Dual Cameras & 5,000 mAH Battery]]>
            </line>
            <line>
              <![CDATA[Samsung Galaxy M21 (Midnight Blue, 4GB RAM, 64GB Storage)]]>
            </line>
            <line>
              <![CDATA[Samsung Galaxy M01 (Blue, 3GB RAM, 32GB Storage) with No Cost EMI/Additional Exchange Offers]]>
            </line>
            <line>
              <![CDATA[Nokia 5310 Dual SIM Feature Phone with MP3 Player, Wireless FM Radio and Rear Camera]]>
            </line>
            <line>
              <![CDATA[Nokia 105 Single SIM (Blue)]]>
            </line>
            <line>
              <![CDATA[Nokia 105 Single SIM (Black)]]>
            </line>
            <line>
              <![CDATA[Samsung Galaxy M01 Core (Blue, 1GB RAM, 16GB Storage) with No Cost EMI/Additional Exchange Offers]]>
            </line>
            <line>
              <![CDATA[Nokia 225 4G Dual SIM Feature Phone with Long Battery Life, Camera, Multiplayer Games, and Premium Finish – Black Colour]]>
            </line>
            <line>
              <![CDATA[itel A48 (Gradation Green, 2GB RAM, 32GB Storage)]]>
            </line>
            <line>
              <![CDATA[Lava Pulse Mobile Phone - with BP & Heart Rate Monitor (Gold)]]>
            </line>
            <line>
              <![CDATA[Honor 9X (Midnight Black, 4+128GB Storage) -Pop up Front Camera & 48MP Triple Rear Camera]]>
            </line>
            <line>
              <![CDATA[OPPO A5S (Black, 3GB RAM, 32GB Storage) With No Cost EMI/Additional Exchange Offers]]>
            </line>
            <line>
              <![CDATA[STRIFF Multi Angle Mobile Stand. Phone Holder for iPhone, Android, Samsung, OnePlus, Xiaomi. Portable,Foldable Cell Phone Stand.Perfect for Bed,Office, Home,Gift and Desktop (Black)]]>
            </line>
            <line>
              <![CDATA[ELV Desktop Cell Phone Stand Tablet Stand, Aluminum Stand Holder for Mobile Phone (All Size) and Tablet (Up to 10.1 inch) - Black]]>
            </line>
            <line>
              <![CDATA[Vivo Y91i (Ocean Blue, 2GB RAM, 32GB Storage) with No Cost EMI/Additional Exchange Offers]]>
            </line>
            <line>
              <![CDATA[Nokia 3310 Dual SIM Feature Phone with MP3 Player, Wireless FM Radio and Rear Camera]]>
            </line>
            <line>
              <![CDATA[Sony WI-XB400 Wireless Extra Bass in-Ear Headphones with 15 Hours Battery Life, Quick Charge, Magnetic Earbuds, Tangle Free Cord, Bluetooth Ver 5.0, Headset with Mic for Phone Calls – (Black)]]>
            </line>
            <line>
              <![CDATA[Boult Audio AirBass PowerBuds True Wireless Earbuds with Fast Charging & 155 Hours Hotal Playtime, Touch Controls, IPX7 Waterproof, Reverse Charging for Mobile Phones and Type C Port (Black)]]>
            </line>
            <line>
              <![CDATA[ELV Car Mount Adjustable Car Phone Holder Universal Long Arm, Windshield for Smartphones - Black]]>
            </line>
            <line>
              <![CDATA[Redmi 9 (Sporty Orange, 4GB RAM, 128GB Storage)]]>
            </line>
            <line>
              <![CDATA[boAt Rockerz 255 Sports in-Ear Bluetooth Neckband Earphone with Mic (Active Black)]]>
            </line>
            <line>
              <![CDATA[HUMBLE Universal 360 Degree Adjustable Mobile Phone Holder for Bicycle | Bike | Motorcycle | Ideal for Maps | Navigation | Charging - Black]]>
            </line>
            <line>
              <![CDATA[TRIO T4 Jazz Feature Mobile Phone with Dual SIM Card, Dual Camera, Powerful Battery, LED Torch, Dedicated Music Keys | Palm Friendly Grip with 1.77” QVGA Screen, Expandable Memory up to 32 GB (Black)]]>
            </line>
            <line>
              <![CDATA[TRIO T8 Boss Feature Mobile Phone with, Dual SIM Card, Powerful Battery, Stereo Sound, Bright LED Torch, Call Recorder | Palm Friendly Grip with 2.4" QVGA TFT Screen, (Ocean Blue)…]]>
            </line>
          </reporter-output>
        </test-method> <!-- searchItemDDT -->
        <test-method is-config="true" signature="tearDown()[pri:0, instance:com.qa.testsScripts.TC_AmazonSearchItemDDT_003@7e7be63f]" started-at="2021-01-31T13:20:52 IST" name="tearDown" finished-at="2021-01-31T13:20:54 IST" duration-ms="1497" status="PASS">
          <reporter-output>
          </reporter-output>
        </test-method> <!-- tearDown -->
      </class> <!-- com.qa.testsScripts.TC_AmazonSearchItemDDT_003 -->
    </test> <!-- Amazon Functional testing -->
  </suite> <!-- Automation Testing -->
</testng-results>
